[    0.000000] Linux version 4.15.0-140-generic (buildd@lgw01-amd64-054) (gcc version 7.5.0 (Ubuntu 7.5.0-3ubuntu1~18.04)) #144-Ubuntu SMP Fri Mar 19 14:12:35 UTC 2021 (Ubuntu 4.15.0-140.144-generic 4.15.18)
[    0.000000] Command line: BOOT_IMAGE=/boot/vmlinuz-4.15.0-140-generic root=LABEL=cloudimg-rootfs ro console=tty1 console=ttyS0
[    0.000000] KERNEL supported cpus:
[    0.000000]   Intel GenuineIntel
[    0.000000]   AMD AuthenticAMD
[    0.000000]   Centaur CentaurHauls
[    0.000000] x86/fpu: Supporting XSAVE feature 0x001: 'x87 floating point registers'
[    0.000000] x86/fpu: Supporting XSAVE feature 0x002: 'SSE registers'
[    0.000000] x86/fpu: Supporting XSAVE feature 0x004: 'AVX registers'
[    0.000000] x86/fpu: xstate_offset[2]:  576, xstate_sizes[2]:  256
[    0.000000] x86/fpu: Enabled xstate features 0x7, context size is 832 bytes, using 'standard' format.
[    0.000000] e820: BIOS-provided physical RAM map:
[    0.000000] BIOS-e820: [mem 0x0000000000000000-0x000000000009fbff] usable
[    0.000000] BIOS-e820: [mem 0x000000000009fc00-0x000000000009ffff] reserved
[    0.000000] BIOS-e820: [mem 0x00000000000f0000-0x00000000000fffff] reserved
[    0.000000] BIOS-e820: [mem 0x0000000000100000-0x000000003ffeffff] usable
[    0.000000] BIOS-e820: [mem 0x000000003fff0000-0x000000003fffffff] ACPI data
[    0.000000] BIOS-e820: [mem 0x00000000fec00000-0x00000000fec00fff] reserved
[    0.000000] BIOS-e820: [mem 0x00000000fee00000-0x00000000fee00fff] reserved
[    0.000000] BIOS-e820: [mem 0x00000000fffc0000-0x00000000ffffffff] reserved
[    0.000000] NX (Execute Disable) protection: active
[    0.000000] SMBIOS 2.5 present.
[    0.000000] DMI: innotek GmbH VirtualBox/VirtualBox, BIOS VirtualBox 12/01/2006
[    0.000000] Hypervisor detected: KVM
[    0.000000] e820: last_pfn = 0x3fff0 max_arch_pfn = 0x400000000
[    0.000000] MTRR: Disabled
[    0.000000] x86/PAT: MTRRs disabled, skipping PAT initialization too.
[    0.000000] CPU MTRRs all blank - virtualized system.
[    0.000000] x86/PAT: Configuration [0-7]: WB  WT  UC- UC  WB  WT  UC- UC  
[    0.000000] found SMP MP-table at [mem 0x0009fff0-0x0009ffff]
[    0.000000] Scanning 1 areas for low memory corruption
[    0.000000] RAMDISK: [mem 0x35a63000-0x36d28fff]
[    0.000000] ACPI: Early table checksum verification disabled
[    0.000000] ACPI: RSDP 0x00000000000E0000 000024 (v02 VBOX  )
[    0.000000] ACPI: XSDT 0x000000003FFF0030 00003C (v01 VBOX   VBOXXSDT 00000001 ASL  00000061)
[    0.000000] ACPI: FACP 0x000000003FFF00F0 0000F4 (v04 VBOX   VBOXFACP 00000001 ASL  00000061)
[    0.000000] ACPI: DSDT 0x000000003FFF0470 002325 (v02 VBOX   VBOXBIOS 00000002 INTL 20100528)
[    0.000000] ACPI: FACS 0x000000003FFF0200 000040
[    0.000000] ACPI: FACS 0x000000003FFF0200 000040
[    0.000000] ACPI: APIC 0x000000003FFF0240 00005C (v02 VBOX   VBOXAPIC 00000001 ASL  00000061)
[    0.000000] ACPI: SSDT 0x000000003FFF02A0 0001CC (v01 VBOX   VBOXCPUT 00000002 INTL 20100528)
[    0.000000] No NUMA configuration found
[    0.000000] Faking a node at [mem 0x0000000000000000-0x000000003ffeffff]
[    0.000000] NODE_DATA(0) allocated [mem 0x3ffc5000-0x3ffeffff]
[    0.000000] kvm-clock: cpu 0, msr 0:3ff44001, primary cpu clock
[    0.000000] kvm-clock: Using msrs 4b564d01 and 4b564d00
[    0.000000] kvm-clock: using sched offset of 3593858261 cycles
[    0.000000] clocksource: kvm-clock: mask: 0xffffffffffffffff max_cycles: 0x1cd42e4dffb, max_idle_ns: 881590591483 ns
[    0.000000] Zone ranges:
[    0.000000]   DMA      [mem 0x0000000000001000-0x0000000000ffffff]
[    0.000000]   DMA32    [mem 0x0000000001000000-0x000000003ffeffff]
[    0.000000]   Normal   empty
[    0.000000]   Device   empty
[    0.000000] Movable zone start for each node
[    0.000000] Early memory node ranges
[    0.000000]   node   0: [mem 0x0000000000001000-0x000000000009efff]
[    0.000000]   node   0: [mem 0x0000000000100000-0x000000003ffeffff]
[    0.000000] Reserved but unavailable: 98 pages
[    0.000000] Initmem setup node 0 [mem 0x0000000000001000-0x000000003ffeffff]
[    0.000000] ACPI: PM-Timer IO Port: 0x4008
[    0.000000] IOAPIC[0]: apic_id 2, version 32, address 0xfec00000, GSI 0-23
[    0.000000] ACPI: INT_SRC_OVR (bus 0 bus_irq 0 global_irq 2 dfl dfl)
[    0.000000] ACPI: INT_SRC_OVR (bus 0 bus_irq 9 global_irq 9 low level)
[    0.000000] Using ACPI (MADT) for SMP configuration information
[    0.000000] smpboot: Allowing 2 CPUs, 0 hotplug CPUs
[    0.000000] PM: Registered nosave memory: [mem 0x00000000-0x00000fff]
[    0.000000] PM: Registered nosave memory: [mem 0x0009f000-0x0009ffff]
[    0.000000] PM: Registered nosave memory: [mem 0x000a0000-0x000effff]
[    0.000000] PM: Registered nosave memory: [mem 0x000f0000-0x000fffff]
[    0.000000] e820: [mem 0x40000000-0xfebfffff] available for PCI devices
[    0.000000] Booting paravirtualized kernel on KVM
[    0.000000] clocksource: refined-jiffies: mask: 0xffffffff max_cycles: 0xffffffff, max_idle_ns: 7645519600211568 ns
[    0.000000] random: get_random_bytes called from start_kernel+0x99/0x500 with crng_init=0
[    0.000000] setup_percpu: NR_CPUS:8192 nr_cpumask_bits:2 nr_cpu_ids:2 nr_node_ids:1
[    0.000000] percpu: Embedded 45 pages/cpu s147456 r8192 d28672 u1048576
[    0.000000] PV qspinlock hash table entries: 256 (order: 0, 4096 bytes)
[    0.000000] Built 1 zonelists, mobility grouping on.  Total pages: 257913
[    0.000000] Policy zone: DMA32
[    0.000000] Kernel command line: BOOT_IMAGE=/boot/vmlinuz-4.15.0-140-generic root=LABEL=cloudimg-rootfs ro console=tty1 console=ttyS0
[    0.000000] Memory: 983020K/1048120K available (12300K kernel code, 2483K rwdata, 4276K rodata, 2440K init, 2724K bss, 65100K reserved, 0K cma-reserved)
[    0.000000] SLUB: HWalign=64, Order=0-3, MinObjects=0, CPUs=2, Nodes=1
[    0.000000] Kernel/User page tables isolation: enabled
[    0.000000] ftrace: allocating 39429 entries in 155 pages
[    0.004000] Hierarchical RCU implementation.
[    0.004000] 	RCU restricting CPUs from NR_CPUS=8192 to nr_cpu_ids=2.
[    0.004000] 	Tasks RCU enabled.
[    0.004000] RCU: Adjusting geometry for rcu_fanout_leaf=16, nr_cpu_ids=2
[    0.004000] NR_IRQS: 524544, nr_irqs: 440, preallocated irqs: 16
[    0.004000] Console: colour VGA+ 80x25
[    0.004000] console [tty1] enabled
[    0.004000] console [ttyS0] enabled
[    0.004000] ACPI: Core revision 20170831
[    0.004000] ACPI: 2 ACPI AML tables successfully acquired and loaded
[    0.004000] APIC: Switch to symmetric I/O mode setup
[    0.004000] x2apic enabled
[    0.004000] Switched APIC routing to physical x2apic.
[    0.004000] ..TIMER: vector=0x30 apic1=0 pin1=2 apic2=-1 pin2=-1
[    0.004003] tsc: Detected 2208.000 MHz processor
[    0.004865] Calibrating delay loop (skipped) preset value.. 4416.00 BogoMIPS (lpj=8832000)
[    0.005676] pid_max: default: 32768 minimum: 301
[    0.008061] Security Framework initialized
[    0.008874] Yama: becoming mindful.
[    0.009716] AppArmor: AppArmor initialized
[    0.010918] Dentry cache hash table entries: 131072 (order: 8, 1048576 bytes)
[    0.012069] Inode-cache hash table entries: 65536 (order: 7, 524288 bytes)
[    0.013383] Mount-cache hash table entries: 2048 (order: 2, 16384 bytes)
[    0.014906] Mountpoint-cache hash table entries: 2048 (order: 2, 16384 bytes)
[    0.016267] Last level iTLB entries: 4KB 64, 2MB 8, 4MB 8
[    0.017342] Last level dTLB entries: 4KB 64, 2MB 0, 4MB 0, 1GB 4
[    0.018425] Spectre V1 : Mitigation: usercopy/swapgs barriers and __user pointer sanitization
[    0.020006] Spectre V2 : Mitigation: Full generic retpoline
[    0.021089] Spectre V2 : Spectre v2 / SpectreRSB mitigation: Filling RSB on context switch
[    0.024003] Speculative Store Bypass: Vulnerable
[    0.024959] SRBDS: Unknown: Dependent on hypervisor status
[    0.026166] MDS: Mitigation: Clear CPU buffers
[    0.028194] Freeing SMP alternatives memory: 36K
[    0.138491] smpboot: CPU0: Intel(R) Core(TM) i7-8750H CPU @ 2.20GHz (family: 0x6, model: 0x9e, stepping: 0xa)
[    0.140000] Performance Events: unsupported p6 CPU model 158 no PMU driver, software events only.
[    0.140000] Hierarchical SRCU implementation.
[    0.140748] NMI watchdog: Perf event create on CPU 0 failed with -2
[    0.142152] NMI watchdog: Perf NMI watchdog permanently disabled
[    0.143428] smp: Bringing up secondary CPUs ...
[    0.144104] x86: Booting SMP configuration:
[    0.145068] .... node  #0, CPUs:      #1
[    0.004000] kvm-clock: cpu 1, msr 0:3ff44041, secondary cpu clock
[    0.148018] smp: Brought up 1 node, 2 CPUs
[    0.148902] smpboot: Max logical packages: 1
[    0.149841] smpboot: Total of 2 processors activated (8832.00 BogoMIPS)
[    0.152110] devtmpfs: initialized
[    0.152848] x86/mm: Memory block size: 128MB
[    0.153846] evm: security.selinux
[    0.154540] evm: security.SMACK64
[    0.156003] evm: security.SMACK64EXEC
[    0.156740] evm: security.SMACK64TRANSMUTE
[    0.157527] evm: security.SMACK64MMAP
[    0.158229] evm: security.apparmor
[    0.158918] evm: security.ima
[    0.160003] evm: security.capability
[    0.160884] clocksource: jiffies: mask: 0xffffffff max_cycles: 0xffffffff, max_idle_ns: 7645041785100000 ns
[    0.161860] futex hash table entries: 512 (order: 3, 32768 bytes)
[    0.166725] pinctrl core: initialized pinctrl subsystem
[    0.168100] RTC time: 23:55:31, date: 04/19/21
[    0.169051] NET: Registered protocol family 16
[    0.169891] audit: initializing netlink subsys (disabled)
[    0.172016] audit: type=2000 audit(1618876537.469:1): state=initialized audit_enabled=0 res=1
[    0.173438] cpuidle: using governor ladder
[    0.173438] cpuidle: using governor menu
[    0.173855] ACPI: bus type PCI registered
[    0.176004] acpiphp: ACPI Hot Plug PCI Controller Driver version: 0.5
[    0.177323] PCI: Using configuration type 1 for base access
[    0.180039] HugeTLB registered 2.00 MiB page size, pre-allocated 0 pages
[    0.181175] ACPI: Added _OSI(Module Device)
[    0.181175] ACPI: Added _OSI(Processor Device)
[    0.181560] ACPI: Added _OSI(3.0 _SCP Extensions)
[    0.184002] ACPI: Added _OSI(Processor Aggregator Device)
[    0.184002] ACPI: Added _OSI(Linux-Dell-Video)
[    0.184003] ACPI: Added _OSI(Linux-Lenovo-NV-HDMI-Audio)
[    0.185085] ACPI: Added _OSI(Linux-HPI-Hybrid-Graphics)
[    0.188004] ACPI: Executed 1 blocks of module-level executable AML code
[    0.191226] ACPI: Interpreter enabled
[    0.191919] ACPI: (supports S0 S5)
[    0.192003] ACPI: Using IOAPIC for interrupt routing
[    0.193115] PCI: Using host bridge windows from ACPI; if necessary, use "pci=nocrs" and report a bug
[    0.194780] ACPI: Enabled 2 GPEs in block 00 to 07
[    0.202799] ACPI: PCI Root Bridge [PCI0] (domain 0000 [bus 00-ff])
[    0.203983] acpi PNP0A03:00: _OSC: OS supports [ASPM ClockPM Segments MSI]
[    0.204512] acpi PNP0A03:00: _OSC: not requesting OS control; OS requires [ExtendedConfig ASPM ClockPM MSI]
[    0.206633] acpi PNP0A03:00: fail to add MMCONFIG information, can't access extended PCI configuration space under this bridge.
[    0.208489] PCI host bridge to bus 0000:00
[    0.209469] pci_bus 0000:00: root bus resource [io  0x0000-0x0cf7 window]
[    0.212005] pci_bus 0000:00: root bus resource [io  0x0d00-0xffff window]
[    0.213235] pci_bus 0000:00: root bus resource [mem 0x000a0000-0x000bffff window]
[    0.214845] pci_bus 0000:00: root bus resource [mem 0x40000000-0xfdffffff window]
[    0.216003] pci_bus 0000:00: root bus resource [bus 00-ff]
[    0.220334] pci 0000:00:01.1: legacy IDE quirk: reg 0x10: [io  0x01f0-0x01f7]
[    0.221688] pci 0000:00:01.1: legacy IDE quirk: reg 0x14: [io  0x03f6]
[    0.223260] pci 0000:00:01.1: legacy IDE quirk: reg 0x18: [io  0x0170-0x0177]
[    0.224005] pci 0000:00:01.1: legacy IDE quirk: reg 0x1c: [io  0x0376]
[    0.239136] pci 0000:00:07.0: quirk: [io  0x4000-0x403f] claimed by PIIX4 ACPI
[    0.240019] pci 0000:00:07.0: quirk: [io  0x4100-0x410f] claimed by PIIX4 SMB
[    0.252503] ACPI: PCI Interrupt Link [LNKA] (IRQs 5 9 10 *11)
[    0.253906] ACPI: PCI Interrupt Link [LNKB] (IRQs 5 9 *10 11)
[    0.255093] ACPI: PCI Interrupt Link [LNKC] (IRQs 5 *9 10 11)
[    0.256099] ACPI: PCI Interrupt Link [LNKD] (IRQs 5 9 10 *11)
[    0.257764] SCSI subsystem initialized
[    0.260074] pci 0000:00:02.0: vgaarb: setting as boot VGA device
[    0.261270] pci 0000:00:02.0: vgaarb: VGA device added: decodes=io+mem,owns=io+mem,locks=none
[    0.261270] pci 0000:00:02.0: vgaarb: bridge control possible
[    0.261270] vgaarb: loaded
[    0.261733] ACPI: bus type USB registered
[    0.262539] usbcore: registered new interface driver usbfs
[    0.264008] usbcore: registered new interface driver hub
[    0.265030] usbcore: registered new device driver usb
[    0.268015] EDAC MC: Ver: 3.0.0
[    0.268893] PCI: Using ACPI for IRQ routing
[    0.269172] NetLabel: Initializing
[    0.269919] NetLabel:  domain hash size = 128
[    0.272002] NetLabel:  protocols = UNLABELED CIPSOv4 CALIPSO
[    0.272002] NetLabel:  unlabeled traffic allowed by default
[    0.272126] clocksource: Switched to clocksource kvm-clock
[    0.289194] VFS: Disk quotas dquot_6.6.0
[    0.289976] VFS: Dquot-cache hash table entries: 512 (order 0, 4096 bytes)
[    0.291361] AppArmor: AppArmor Filesystem Enabled
[    0.292412] pnp: PnP ACPI init
[    0.294060] pnp: PnP ACPI: found 3 devices
[    0.300293] clocksource: acpi_pm: mask: 0xffffff max_cycles: 0xffffff, max_idle_ns: 2085701024 ns
[    0.301993] NET: Registered protocol family 2
[    0.303008] TCP established hash table entries: 8192 (order: 4, 65536 bytes)
[    0.304242] TCP bind hash table entries: 8192 (order: 5, 131072 bytes)
[    0.308627] TCP: Hash tables configured (established 8192 bind 8192)
[    0.309970] UDP hash table entries: 512 (order: 2, 16384 bytes)
[    0.311215] UDP-Lite hash table entries: 512 (order: 2, 16384 bytes)
[    0.312524] NET: Registered protocol family 1
[    0.313453] pci 0000:00:00.0: Limiting direct PCI/PCI transfers
[    0.314567] pci 0000:00:01.0: Activating ISA DMA hang workarounds
[    0.315721] pci 0000:00:02.0: Video device with shadowed ROM at [mem 0x000c0000-0x000dffff]
[    0.317404] Unpacking initramfs...
[    0.594656] Freeing initrd memory: 19224K
[    0.595481] clocksource: tsc: mask: 0xffffffffffffffff max_cycles: 0x1fd3b81b95f, max_idle_ns: 440795257325 ns
[    0.597220] platform rtc_cmos: registered platform RTC device (no PNP device found)
[    0.598550] Scanning for low memory corruption every 60 seconds
[    0.600603] Initialise system trusted keyrings
[    0.601452] Key type blacklist registered
[    0.602263] workingset: timestamp_bits=36 max_order=18 bucket_order=0
[    0.604426] zbud: loaded
[    0.605703] squashfs: version 4.0 (2009/01/31) Phillip Lougher
[    0.606879] fuse init (API version 7.26)
[    0.610781] Key type asymmetric registered
[    0.611577] Asymmetric key parser 'x509' registered
[    0.612554] Block layer SCSI generic (bsg) driver version 0.4 loaded (major 246)
[    0.613953] io scheduler noop registered
[    0.614664] io scheduler deadline registered
[    0.615435] io scheduler cfq registered (default)
[    0.616507] ACPI: AC Adapter [AC] (on-line)
[    0.617271] input: Power Button as /devices/LNXSYSTM:00/LNXPWRBN:00/input/input0
[    0.618600] ACPI: Power Button [PWRF]
[    0.619312] input: Sleep Button as /devices/LNXSYSTM:00/LNXSLPBN:00/input/input1
[    0.620690] ACPI: Sleep Button [SLPF]
[    0.621729] Serial: 8250/16550 driver, 32 ports, IRQ sharing enabled
[    0.622496] ACPI: Battery Slot [BAT0] (battery present)
[    0.644103] 00:02: ttyS0 at I/O 0x3f8 (irq = 4, base_baud = 115200) is a 16550A
[    0.647327] Linux agpgart interface v0.103
[    0.649012] loop: module loaded
[    0.650221] scsi host0: ata_piix
[    0.651135] scsi host1: ata_piix
[    0.651870] ata1: PATA max UDMA/33 cmd 0x1f0 ctl 0x3f6 bmdma 0xd000 irq 14
[    0.653137] ata2: PATA max UDMA/33 cmd 0x170 ctl 0x376 bmdma 0xd008 irq 15
[    0.654523] libphy: Fixed MDIO Bus: probed
[    0.655452] tun: Universal TUN/TAP device driver, 1.6
[    0.656843] PPP generic driver version 2.4.2
[    0.677895] ehci_hcd: USB 2.0 'Enhanced' Host Controller (EHCI) Driver
[    0.679044] ehci-pci: EHCI PCI platform driver
[    0.679831] ehci-platform: EHCI generic platform driver
[    0.680781] ohci_hcd: USB 1.1 'Open' Host Controller (OHCI) Driver
[    0.681798] ohci-pci: OHCI PCI platform driver
[    0.682568] ohci-platform: OHCI generic platform driver
[    0.683438] uhci_hcd: USB Universal Host Controller Interface driver
[    0.684570] i8042: PNP: PS/2 Controller [PNP0303:PS2K,PNP0f03:PS2M] at 0x60,0x64 irq 1,12
[    0.686408] serio: i8042 KBD port at 0x60,0x64 irq 1
[    0.687312] serio: i8042 AUX port at 0x60,0x64 irq 12
[    0.688276] mousedev: PS/2 mouse device common for all mice
[    0.689525] input: AT Translated Set 2 keyboard as /devices/platform/i8042/serio0/input/input2
[    0.691356] rtc_cmos rtc_cmos: rtc core: registered rtc_cmos as rtc0
[    0.692535] rtc_cmos rtc_cmos: alarms up to one day, 114 bytes nvram
[    0.693583] i2c /dev entries driver
[    0.694247] device-mapper: uevent: version 1.0.3
[    0.695074] device-mapper: ioctl: 4.37.0-ioctl (2017-09-20) initialised: dm-devel@redhat.com
[    0.696570] ledtrig-cpu: registered to indicate activity on CPUs
[    0.697895] NET: Registered protocol family 10
[    0.702085] Segment Routing with IPv6
[    0.702766] NET: Registered protocol family 17
[    0.703660] Key type dns_resolver registered
[    0.705065] mce: Using 0 MCE banks
[    0.705778] RAS: Correctable Errors collector initialized.
[    0.706756] sched_clock: Marking stable (704970629, 0)->(926352366, -221381737)
[    0.708728] registered taskstats version 1
[    0.709823] Loading compiled-in X.509 certificates
[    0.713330] Loaded X.509 cert 'Build time autogenerated kernel key: f44537957b99d83206ce3e6a27744bf062e80295'
[    0.715170] zswap: loaded using pool lzo/zbud
[    0.719544] Key type big_key registered
[    0.720418] Key type trusted registered
[    0.723286] Key type encrypted registered
[    0.724096] AppArmor: AppArmor sha1 policy hashing enabled
[    0.725127] ima: No TPM chip found, activating TPM-bypass! (rc=-19)
[    0.726299] ima: Allocated hash algorithm: sha1
[    0.727138] evm: HMAC attrs: 0x1
[    0.727996]   Magic number: 1:747:959
[    0.728823] rtc_cmos rtc_cmos: setting system clock to 2021-04-19 23:55:32 UTC (1618876532)
[    0.730436] BIOS EDD facility v0.16 2004-Jun-25, 0 devices found
[    0.731467] EDD information not available.
[    0.841095] Freeing unused kernel image memory: 2440K
[    0.852536] Write protecting the kernel read-only data: 20480k
[    0.854303] Freeing unused kernel image memory: 2008K
[    0.855830] Freeing unused kernel image memory: 1868K
[    0.864744] x86/mm: Checked W+X mappings: passed, no W+X pages found.
[    0.865935] x86/mm: Checking user space page tables
[    0.874585] x86/mm: Checked W+X mappings: passed, no W+X pages found.
Loading, please wait...
starting version 237
[    0.936233] e1000: Intel(R) PRO/1000 Network Driver - version 7.3.21-k8-NAPI
[    0.937445] e1000: Copyright (c) 1999-2006 Intel Corporation.
[    0.945983] Fusion MPT base driver 3.04.20
[    0.946764] Copyright (c) 1999-2008 LSI Corporation
[    0.952762] Fusion MPT SPI Host driver 3.04.20
[    0.959435] AVX2 version of gcm_enc/dec engaged.
[    0.960366] AES CTR mode by8 optimization enabled
[    1.149389] input: ImExPS/2 Generic Explorer Mouse as /devices/platform/i8042/serio1/input/input4
[    1.317653] e1000 0000:00:03.0 eth0: (PCI:33MHz:32-bit) 02:05:85:8a:28:11
[    1.318908] e1000 0000:00:03.0 eth0: Intel(R) PRO/1000 Network Connection
[    1.321099] mptbase: ioc0: Initiating bringup
[    1.416736] ioc0: LSI53C1030 A0: Capabilities={Initiator}
[    1.667831] scsi host2: ioc0: LSI53C1030 A0, FwRev=00000000h, Ports=1, MaxQ=256, IRQ=20
[    1.836975] scsi 2:0:0:0: Direct-Access     VBOX     HARDDISK         1.0  PQ: 0 ANSI: 5
[    1.887374] scsi target2:0:0: Beginning Domain Validation
[    1.890065] scsi target2:0:0: Domain Validation skipping write tests
[    1.891435] scsi target2:0:0: Ending Domain Validation
[    1.892454] scsi target2:0:0: asynchronous
[    1.893584] scsi 2:0:1:0: Direct-Access     VBOX     HARDDISK         1.0  PQ: 0 ANSI: 5
[    2.207618] scsi target2:0:1: Beginning Domain Validation
[    2.210796] random: fast init done
[    2.211635] scsi target2:0:1: Domain Validation skipping write tests
[    2.212791] scsi target2:0:1: Ending Domain Validation
[    2.213862] scsi target2:0:1: asynchronous
[    2.219471] random: systemd-udevd: uninitialized urandom read (16 bytes read)
[    2.220925] random: systemd-udevd: uninitialized urandom read (16 bytes read)
[    2.222254] random: systemd-udevd: uninitialized urandom read (16 bytes read)
[    2.223739] sd 2:0:0:0: Attached scsi generic sg0 type 0
[    2.225236] sd 2:0:0:0: [sda] 83886080 512-byte logical blocks: (42.9 GB/40.0 GiB)
[    2.226784] sd 2:0:0:0: [sda] Write Protect is off
[    2.228408] sd 2:0:0:0: [sda] Incomplete mode parameter data
[    2.229669] sd 2:0:0:0: [sda] Assuming drive cache: write through
[    2.231807] sd 2:0:1:0: [sdb] 20480 512-byte logical blocks: (10.5 MB/10.0 MiB)
[    2.233407] sd 2:0:1:0: [sdb] Write Protect is off
[    2.233487] e1000 0000:00:08.0 eth1: (PCI:33MHz:32-bit) 08:00:27:65:7d:ce
[    2.235342] e1000 0000:00:08.0 eth1: Intel(R) PRO/1000 Network Connection
[    2.235537] sd 2:0:1:0: [sdb] Incomplete mode parameter data
[    2.237676] sd 2:0:1:0: [sdb] Assuming drive cache: write through
[    2.240095] sd 2:0:1:0: Attached scsi generic sg1 type 0
[    2.240611] e1000 0000:00:08.0 enp0s8: renamed from eth1
[    2.242155]  sda: sda1
[    2.244159] sd 2:0:0:0: [sda] Attached SCSI disk
[    2.248091] sd 2:0:1:0: [sdb] Attached SCSI disk
[    2.256820] e1000 0000:00:03.0 enp0s3: renamed from eth0
Begin: Loading essential drivers ... [    3.816077] raid6: sse2x1   gen() 12797 MB/s
[    3.864371] raid6: sse2x1   xor()  9140 MB/s
[    3.912229] raid6: sse2x2   gen() 16210 MB/s
[    3.960070] raid6: sse2x2   xor() 10981 MB/s
[    4.008383] raid6: sse2x4   gen() 18604 MB/s
[    4.056205] raid6: sse2x4   xor() 11550 MB/s
[    4.104034] raid6: avx2x1   gen() 26291 MB/s
[    4.152354] raid6: avx2x1   xor() 18316 MB/s
[    4.200189] raid6: avx2x2   gen() 28394 MB/s
[    4.248046] raid6: avx2x2   xor() 17691 MB/s
[    4.296295] raid6: avx2x4   gen() 34955 MB/s
[    4.344141] raid6: avx2x4   xor() 20810 MB/s
[    4.345014] raid6: using algorithm avx2x4 gen() 34955 MB/s
[    4.346074] raid6: .... xor() 20810 MB/s, rmw enabled
[    4.347050] raid6: using avx2x2 recovery algorithm
[    4.349216] xor: automatically using best checksumming function   avx       
[    4.351581] async_tx: api initialized (async)
done.
Begin: Running /scripts/init-premount ... done.
Begin: Mounting root file system ... Begin: Running /scripts/local-top ... done.
Begin: Running /scripts/local-premount ... [    4.395887] Btrfs loaded, crc32c=crc32c-intel
Scanning for Btrfs filesystems
done.
Warning: fsck not present, so skipping root file system
[    4.425730] EXT4-fs (sda1): mounted filesystem with ordered data mode. Opts: (null)
done.
Begin: Running /scripts/local-bottom ... done.
Begin: Running /scripts/init-bottom ... done.
[    4.637063] ip_tables: (C) 2000-2006 Netfilter Core Team
[    4.648180] systemd[1]: systemd 237 running in system mode. (+PAM +AUDIT +SELINUX +IMA +APPARMOR +SMACK +SYSVINIT +UTMP +LIBCRYPTSETUP +GCRYPT +GNUTLS +ACL +XZ +LZ4 +SECCOMP +BLKID +ELFUTILS +KMOD -IDN2 +IDN -PCRE2 default-hierarchy=hybrid)
[    4.652178] systemd[1]: Detected virtualization oracle.
[    4.653398] systemd[1]: Detected architecture x86-64.

Welcome to [1mUbuntu 18.04.5 LTS[0m!

[    4.659650] systemd[1]: Set hostname to <ubuntu-bionic>.
[    4.950394] systemd[1]: Reached target User and Group Name Lookups.
[[0;32m  OK  [0m] Reached target User and Group Name Lookups.
[    4.960577] systemd[1]: Started Forward Password Requests to Wall Directory Watch.
[[0;32m  OK  [0m] Started Forward Password Requests to Wall Directory Watch.
[    4.972271] systemd[1]: Reached target System Time Synchronized.
[[0;32m  OK  [0m] Reached target System Time Synchronized.
[    4.984938] systemd[1]: Reached target Swap.
[[0;32m  OK  [0m] Reached target Swap.
[    4.987832] systemd[1]: Created slice System Slice.
[[0;32m  OK  [0m] Created slice System Slice.
[    5.000605] systemd[1]: Listening on udev Control Socket.
[[0;32m  OK  [0m] Listening on udev Control Socket.
[[0;32m  OK  [0m] Listening on LVM2 poll daemon socket.
[[0;32m  OK  [0m] Listening on Journal Socket (/dev/log).
[[0;32m  OK  [0m] Listening on Journal Socket.
         Starting Load Kernel Modules...
         Starting Create list of required st…ce nodes for the current kernel...
[    5.056041] Loading iSCSI transport class v2.0-870.
[    5.062044] iscsi: registered transport (tcp)
         Mounting Huge Pages File System...
[[0;32m  OK  [0m] Listening on udev Kernel Socket.
[[0;32m  OK  [0m] Listening on /dev/initctl Compatibility Named Pipe.
[    5.079911] iscsi: registered transport (iser)
         Mounting Kernel Debug File System...
         Starting udev Coldplug all Devices...
[[0;32m  OK  [0m] Listening on Device-mapper event daemon FIFOs.
[[0;32m  OK  [0m] Listening on Network Service Netlink Socket.
         Starting Set the console keyboard layout...
[[0;32m  OK  [0m] Listening on Syslog Socket.
[[0;32m  OK  [0m] Listening on Journal Audit Socket.
         Starting Journal Service...
         Starting Uncomplicated firewall...
         Mounting POSIX Message Queue File System...
[[0;32m  OK  [0m] Listening on fsck to fsckd communication Socket.
         Starting File System Check on Root Device...
[[0;32m  OK  [0m] Created slice system-serial\x2dgetty.slice.
[[0;32m  OK  [0m] Listening on LVM2 metadata daemon socket.
         Starting Monitoring of LVM2 mirrors…ng dmeventd or progress polling...
[[0;32m  OK  [0m] Set up automount Arbitrary Executab…rmats File System Automount Point.
[[0;32m  OK  [0m] Created slice User and Session Slice.
[[0;32m  OK  [0m] Reached target Slices.
[[0;32m  OK  [0m] Started Journal Service.
[[0;32m  OK  [0m] Started Load Kernel Modules.
[[0;32m  OK  [0m] Started Create list of required sta…vice nodes for the current kernel.
[[0;32m  OK  [0m] Mounted Huge Pages File System.
[[0;32m  OK  [0m] Mounted Kernel Debug File System.
[[0;32m  OK  [0m] Started Uncomplicated firewall.
[[0;32m  OK  [0m] Mounted POSIX Message Queue File System.
         Starting Create Static Device Nodes in /dev...
         Mounting Kernel Configuration File System...
         Mounting FUSE Control File System...
         Starting Apply Kernel Variables...
[[0;32m  OK  [0m] Started udev Coldplug all Devices.
[[0;32m  OK  [0m] Mounted Kernel Configuration File System.
[[0;32m  OK  [0m] Mounted FUSE Control File System.
[[0;32m  OK  [0m] Started LVM2 metadata daemon.
[[0;32m  OK  [0m] Started File System Check Daemon to report status.
[[0;32m  OK  [0m] Started Create Static Device Nodes in /dev.
[[0;32m  OK  [0m] Started Apply Kernel Variables.
[[0;32m  OK  [0m] Started Monitoring of LVM2 mirrors,…sing dmeventd or progress polling.
[[0;32m  OK  [0m] Started File System Check on Root Device.
         Starting Remount Root and Kernel File Systems...
[[0;32m  OK  [0m] Started Remount Root and Kernel File Systems.
         Starting Load/Save Random Seed...
         Starting udev Kernel Device Manager...
         Starting Flush Journal to Persistent Storage...
[[0;32m  OK  [0m] Started Load/Save Random Seed.
[[0;32m  OK  [0m] Started udev Kernel Device Manager.
[[0;32m  OK  [0m] Started Set the console keyboard layout.
[[0;32m  OK  [0m] Reached target Local File Systems (Pre).
[[0;32m  OK  [0m] Reached target Local File Systems.
         Starting Tell Plymouth To Write Out Runtime Data...
         Starting ebtables ruleset management...
         Starting AppArmor initialization...
         Starting Set console font and keymap...
[[0;32m  OK  [0m] Started Dispatch Password Requests to Console Directory Watch.
[[0;32m  OK  [0m] Reached target Local Encrypted Volumes.
[[0;32m  OK  [0m] Started Flush Journal to Persistent Storage.
[[0;32m  OK  [0m] Started Tell Plymouth To Write Out Runtime Data.
         Starting Create Volatile Files and Directories...
[[0;32m  OK  [0m] Started Set console font and keymap.
[[0;32m  OK  [0m] Started Create Volatile Files and Directories.
         Starting Update UTMP about System Boot/Shutdown...
[[0;32m  OK  [0m] Started Update UTMP about System Boot/Shutdown.
[[0;32m  OK  [0m] Started ebtables ruleset management.
[[0;32m  OK  [0m] Found device /dev/ttyS0.
[[0;32m  OK  [0m] Listening on Load/Save RF Kill Switch Status /dev/rfkill Watch.
[[0;32m  OK  [0m] Started AppArmor initialization.
         Starting Initial cloud-init job (pre-networking)...
         Starting Load AppArmor profiles managed internally by snapd...
[[0;32m  OK  [0m] Started Load AppArmor profiles managed internally by snapd.
[    7.131529] cloud-init[562]: Cloud-init v. 20.4.1-0ubuntu1~18.04.1 running 'init-local' at Mon, 19 Apr 2021 23:55:38 +0000. Up 6.89 seconds.
[[0;32m  OK  [0m] Started Initial cloud-init job (pre-networking).
[[0;32m  OK  [0m] Reached target Network (Pre).
         Starting Network Service...
[[0;32m  OK  [0m] Started Network Service.
         Starting Network Name Resolution...
         Starting Wait for Network to be Configured...
[[0;32m  OK  [0m] Started Network Name Resolution.
[[0;32m  OK  [0m] Reached target Network.
[[0;32m  OK  [0m] Reached target Host and Network Name Lookups.
[[0;32m  OK  [0m] Started Wait for Network to be Configured.
         Starting Initial cloud-init job (metadata service crawler)...
[    9.891426] cloud-init[689]: Cloud-init v. 20.4.1-0ubuntu1~18.04.1 running 'init' at Mon, 19 Apr 2021 23:55:41 +0000. Up 9.67 seconds.
[    9.892434] cloud-init[689]: ci-info: ++++++++++++++++++++++++++++++++++++++Net device info+++++++++++++++++++++++++++++++++++++++
[    9.904169] cloud-init[689]: ci-info: +--------+------+-----------------------------+---------------+--------+-------------------+
[    9.916787] cloud-init[689]: ci-info: | Device |  Up  |           Address           |      Mask     | Scope  |     Hw-Address    |
[    9.928492] cloud-init[689]: ci-info: +--------+------+-----------------------------+---------------+--------+-------------------+
[    9.929632] cloud-init[689]: ci-info: | enp0s3 | True |          10.0.2.15          | 255.255.255.0 | global | 02:05:85:8a:28:11 |
[    9.930529] cloud-init[689]: ci-info: | enp0s3 | True |  fe80::5:85ff:fe8a:2811/64  |       .       |  link  | 02:05:85:8a:28:11 |
[    9.934608] cloud-init[689]: ci-info: | enp0s8 | True |        192.168.0.201        | 255.255.255.0 | global | 08:00:27:65:7d:ce |
[    9.948896] cloud-init[689]: ci-info: | enp0s8 | True | fe80::a00:27ff:fe65:7dce/64 |       .       |  link  | 08:00:27:65:7d:ce |
[    9.949845] cloud-init[689]: ci-info: |   lo   | True |          127.0.0.1          |   255.0.0.0   |  host  |         .         |
[    9.962989] cloud-init[689]: ci-info: |   lo   | True |           ::1/128           |       .       |  host  |         .         |
[    9.976279] cloud-init[689]: ci-info: +--------+------+-----------------------------+---------------+--------+-------------------+
[    9.977939] cloud-init[689]: ci-info: ++++++++++++++++++++++++++++Route IPv4 info+++++++++++++++++++++++++++++
[    9.979031] cloud-init[689]: ci-info: +-------+-------------+----------+-----------------+-----------+-------+
[    9.980175] cloud-init[689]: ci-info: | Route | Destination | Gateway  |     Genmask     | Interface | Flags |
[    9.981379] cloud-init[689]: ci-info: +-------+-------------+----------+-----------------+-----------+-------+
[    9.982579] cloud-init[689]: ci-info: |   0   |   0.0.0.0   | 10.0.2.2 |     0.0.0.0     |   enp0s3  |   UG  |
[    9.983817] cloud-init[689]: ci-info: |   1   |   10.0.2.0  | 0.0.0.0  |  255.255.255.0  |   enp0s3  |   U   |
[    9.984971] cloud-init[689]: ci-info: |   2   |   10.0.2.2  | 0.0.0.0  | 255.255.255.255 |   enp0s3  |   UH  |
[   10.007417] cloud-init[689]: ci-info: |   3   | 192.168.0.0 | 0.0.0.0  |  255.255.255.0  |   enp0s8  |   U   |
[   10.020163] cloud-init[689]: ci-info: +-------+-------------+----------+-----------------+-----------+-------+
[   10.032863] cloud-init[689]: ci-info: +++++++++++++++++++Route IPv6 info+++++++++++++++++++
[   10.033536] cloud-init[689]: ci-info: +-------+-------------+---------+-----------+-------+
[   10.034153] cloud-init[689]: ci-info: | Route | Destination | Gateway | Interface | Flags |
[   10.035117] cloud-init[689]: ci-info: +-------+-------------+---------+-----------+-------+
[   10.044311] cloud-init[689]: ci-info: |   1   |  fe80::/64  |    ::   |   enp0s3  |   U   |
[   10.046637] cloud-init[689]: ci-info: |   2   |  fe80::/64  |    ::   |   enp0s8  |   U   |
[   10.047159] cloud-init[689]: ci-info: |   4   |    local    |    ::   |   enp0s3  |   U   |
[   10.056474] cloud-init[689]: ci-info: |   5   |    local    |    ::   |   enp0s8  |   U   |
[   10.057330] cloud-init[689]: ci-info: |   6   |   ff00::/8  |    ::   |   enp0s3  |   U   |
[   10.068880] cloud-init[689]: ci-info: |   7   |   ff00::/8  |    ::   |   enp0s8  |   U   |
[   10.069776] cloud-init[689]: ci-info: +-------+-------------+---------+-----------+-------+
[[0;32m  OK  [0m] Started Initial cloud-init job (metadata service crawler).
[[0;32m  OK  [0m] Reached target System Initialization.
[[0;32m  OK  [0m] Started Clean PHP session files every 30 mins.
[[0;32m  OK  [0m] Listening on ACPID Listen Socket.
[[0;32m  OK  [0m] Listening on D-Bus System Message Bus Socket.
[[0;32m  OK  [0m] Started ACPI Events Check.
         Starting LXD - unix socket.
[[0;32m  OK  [0m] Started Daily Cleanup of Temporary Directories.
[[0;32m  OK  [0m] Listening on UUID daemon activation socket.
[[0;32m  OK  [0m] Started Message of the Day.
         Starting Socket activation for snappy daemon.
[[0;32m  OK  [0m] Reached target Paths.
[[0;32m  OK  [0m] Started Discard unused blocks once a week.
[[0;32m  OK  [0m] Listening on Open-iSCSI iscsid Socket.
[[0;32m  OK  [0m] Started Daily apt download activities.
[[0;32m  OK  [0m] Started Daily apt upgrade and clean activities.
[[0;32m  OK  [0m] Reached target Timers.
[[0;32m  OK  [0m] Reached target Network is Online.
         Starting Availability of block devices...
[[0;32m  OK  [0m] Reached target Remote File Systems (Pre).
         Mounting /tmp/vagrant-puppet/manife…987fd5f72c17d54c08031a1c4913b39...
         Mounting /vagrant...
[[0;32m  OK  [0m] Reached target Cloud-config availability.
[[0;32m  OK  [0m] Listening on LXD - unix socket.
[[0;32m  OK  [0m] Listening on Socket activation for snappy daemon.
[[0;32m  OK  [0m] Started Availability of block devices.
[[0;32m  OK  [0m] Reached target Sockets.
[[0;32m  OK  [0m] Reached target Basic System.
         Starting Dispatcher daemon for systemd-networkd...
[[0;32m  OK  [0m] Started D-Bus System Message Bus.
         Starting System Logging Service...
         Starting LSB: Record successful boot for GRUB...
[[0;32m  OK  [0m] Started Regular background program processing daemon.
[[0;32m  OK  [0m] Started FUSE filesystem for LXC.
         Starting OpenBSD Secure Shell server...
[[0;32m  OK  [0m] Started Deferred execution scheduler.
[[0;32m  OK  [0m] Started irqbalance daemon.
         Starting Login Service...
         Starting Snap Daemon...
         Starting Accounts Service...
         Starting Virtualbox guest utils...
         Starting LXD - container startup/shutdown...
[[0;32m  OK  [0m] Started System Logging Service.
[[0;32m  OK  [0m] Started Dispatcher daemon for systemd-networkd.
[[0;32m  OK  [0m] Mounted /tmp/vagrant-puppet/manifes…-1987fd5f72c17d54c08031a1c4913b39.
[[0;32m  OK  [0m] Mounted /vagrant.
[[0;32m  OK  [0m] Started Login Service.
[[0;32m  OK  [0m] Started OpenBSD Secure Shell server.
[[0;32m  OK  [0m] Started Unattended Upgrades Shutdown.
[[0;32m  OK  [0m] Reached target Remote File Systems.
         Starting Permit User Sessions...
         Starting LSB: automatic crash report generation...
         Starting The Apache HTTP Server...
[[0;32m  OK  [0m] Started Permit User Sessions.
         Starting Hold until boot process finishes up...
         Starting Terminate Plymouth Boot Screen...
[[0;32m  OK  [0m] Started Hold until boot process finishes up.
[[0;32m  OK  [0m] Started Serial Getty on ttyS0.
         Starting Set console scheme...
[[0;32m  OK  [0m] Started Terminate Plymouth Boot Screen.
[[0;32m  OK  [0m] Started Set console scheme.
[[0;32m  OK  [0m] Created slice system-getty.slice.
[[0;32m  OK  [0m] Started Getty on tty1.
[[0;32m  OK  [0m] Reached target Login Prompts.
         Starting Authorization Manager...
[[0;32m  OK  [0m] Started LSB: automatic crash report generation.
[[0;32m  OK  [0m] Started LSB: Record successful boot for GRUB.
[[0;32m  OK  [0m] Started Virtualbox guest utils.
[[0;32m  OK  [0m] Started Authorization Manager.
[[0;32m  OK  [0m] Started Accounts Service.
[[0;32m  OK  [0m] Started LXD - container startup/shutdown.
[[0;32m  OK  [0m] Started The Apache HTTP Server.
[[0;32m  OK  [0m] Started Snap Daemon.
         Starting Wait until snapd is fully seeded...
[[0;32m  OK  [0m] Created slice User Slice of vagrant.
[[0;32m  OK  [0m] Started Wait until snapd is fully seeded.
[[0;32m  OK  [0m] Started Session 1 of user vagrant.
         Starting Apply the settings specified in cloud-config...
[[0;32m  OK  [0m] Reached target Multi-User System.
[[0;32m  OK  [0m] Reached target Graphical Interface.
         Starting Update UTMP about System Runlevel Changes...
         Starting User Manager for UID 1000...
[[0;32m  OK  [0m] Started Update UTMP about System Runlevel Changes.
[[0;32m  OK  [0m] Started User Manager for UID 1000.
[   12.541616] cloud-init[1181]: Cloud-init v. 20.4.1-0ubuntu1~18.04.1 running 'modules:config' at Mon, 19 Apr 2021 23:55:44 +0000. Up 12.39 seconds.
[[0;32m  OK  [0m] Started Apply the settings specified in cloud-config.
         Starting Execute cloud user/final scripts...
[   13.224076] cloud-init[1264]: Cloud-init v. 20.4.1-0ubuntu1~18.04.1 running 'modules:final' at Mon, 19 Apr 2021 23:55:44 +0000. Up 13.08 seconds.
[   13.225223] cloud-init[1264]: Cloud-init v. 20.4.1-0ubuntu1~18.04.1 finished at Mon, 19 Apr 2021 23:55:44 +0000. Datasource DataSourceNoCloud [seed=/dev/sdb][dsmode=net].  Up 13.21 seconds
[[0;32m  OK  [0m] Started Execute cloud user/final scripts.
[[0;32m  OK  [0m] Reached target Cloud-init target.

Ubuntu 18.04.5 LTS ubuntu-bionic ttyS0

ubuntu-bionic login: [[0;32m  OK  [0m] Stopped Unattended Upgrades Shutdown.
         Stopping User Manager for UID 1000...
         Stopping Authorization Manager...
[[0;32m  OK  [0m] Stopped target Timers.
[[0;32m  OK  [0m] Stopped Clean PHP session files every 30 mins.
[[0;32m  OK  [0m] Stopped Daily apt upgrade and clean activities.
[[0;32m  OK  [0m] Stopped Discard unused blocks once a week.
[[0;32m  OK  [0m] Stopped Message of the Day.
         Stopping Session 4 of user vagrant.
[[0;32m  OK  [0m] Stopped Daily Cleanup of Temporary Directories.
[[0;32m  OK  [0m] Stopped target Cloud-init target.
[[0;32m  OK  [0m] Stopped Execute cloud user/final scripts.
[[0;32m  OK  [0m] Stopped Apply the settings specified in cloud-config.
[[0;32m  OK  [0m] Closed Load/Save RF Kill Switch Status /dev/rfkill Watch.
         Stopping Availability of block devices...
[[0;32m  OK  [0m] Stopped Daily apt download activities.
[[0;32m  OK  [0m] Stopped target System Time Synchronized.
[[0;32m  OK  [0m] Stopped target Cloud-config availability.
[[0;32m  OK  [0m] Stopped target Graphical Interface.
[[0;32m  OK  [0m] Stopped target Multi-User System.
         Stopping OpenBSD Secure Shell server...
         Stopping The Apache HTTP Server...
         Stopping Regular background program processing daemon...
[[0;32m  OK  [0m] Stopped target Login Prompts.
         Stopping Getty on tty1...
         Stopping D-Bus System Message Bus...
[[0;32m  OK  [0m] Stopped Wait until snapd is fully seeded.
         Stopping Dispatcher daemon for systemd-networkd...
         Stopping LXD - container startup/shutdown...
         Stopping Deferred execution scheduler...
         Stopping System Logging Service...
         Stopping FUSE filesystem for LXC...
         Stopping irqbalance daemon...
         Stopping Virtualbox guest utils...
         Stopping LSB: Record successful boot for GRUB...
         Stopping Accounts Service...
         Stopping Serial Getty on ttyS0...
         Stopping LSB: automatic crash report generation...
[[0;32m  OK  [0m] Unmounted /var/lib/lxcfs.
[[0;32m  OK  [0m] Stopped Dispatcher daemon for systemd-networkd.
[[0;32m  OK  [0m] Stopped System Logging Service.
[[0;32m  OK  [0m] Stopped Regular background program processing daemon.
[[0;32m  OK  [0m] Stopped Deferred execution scheduler.
[[0;32m  OK  [0m] Stopped irqbalance daemon.
[[0;32m  OK  [0m] Stopped Accounts Service.
[[0;32m  OK  [0m] Stopped OpenBSD Secure Shell server.
[[0;32m  OK  [0m] Stopped Serial Getty on ttyS0.
[[0;32m  OK  [0m] Stopped Getty on tty1.
[[0;32m  OK  [0m] Stopped Authorization Manager.
[[0;32m  OK  [0m] Stopped User Manager for UID 1000.
[[0;32m  OK  [0m] Stopped Availability of block devices.
[[0;32m  OK  [0m] Stopped D-Bus System Message Bus.
[[0;32m  OK  [0m] Stopped FUSE filesystem for LXC.
[[0;32m  OK  [0m] Stopped Session 4 of user vagrant.
[[0;32m  OK  [0m] Removed slice User Slice of vagrant.
         Stopping Login Service...
[[0;32m  OK  [0m] Removed slice system-getty.slice.
[[0;32m  OK  [0m] Removed slice system-serial\x2dgetty.slice.
         Stopping Permit User Sessions...
[[0;32m  OK  [0m] Stopped The Apache HTTP Server.
[[0;32m  OK  [0m] Stopped Virtualbox guest utils.
[[0;32m  OK  [0m] Stopped LSB: automatic crash report generation.
[[0;32m  OK  [0m] Stopped Permit User Sessions.
[[0;32m  OK  [0m] Stopped target Host and Network Name Lookups.
[[0;32m  OK  [0m] Stopped target Remote File Systems.
         Unmounting /tmp/vagrant-puppet/mani…987fd5f72c17d54c08031a1c4913b39...
         Unmounting /vagrant...
[[0;32m  OK  [0m] Stopped LSB: Record successful boot for GRUB.
[[0;32m  OK  [0m] Stopped LXD - container startup/shutdown.
[[0;32m  OK  [0m] Stopped Login Service.
[[0;32m  OK  [0m] Stopped target Basic System.
[[0;32m  OK  [0m] Stopped target Slices.
[[0;32m  OK  [0m] Stopped target Sockets.
[[0;32m  OK  [0m] Closed LXD - unix socket.
[[0;32m  OK  [0m] Closed UUID daemon activation socket.
[[0;32m  OK  [0m] Closed Open-iSCSI iscsid Socket.
[[0;32m  OK  [0m] Closed Syslog Socket.
[[0;32m  OK  [0m] Closed D-Bus System Message Bus Socket.
[[0;32m  OK  [0m] Closed ACPID Listen Socket.
[[0;32m  OK  [0m] Closed Socket activation for snappy daemon.
[[0;32m  OK  [0m] Stopped target Paths.
[[0;32m  OK  [0m] Stopped ACPI Events Check.
[[0;32m  OK  [0m] Stopped target System Initialization.
         Stopping Update UTMP about System Boot/Shutdown...
         Stopping Load/Save Random Seed...
[[0;32m  OK  [0m] Stopped target Local Encrypted Volumes.
[[0;32m  OK  [0m] Stopped Forward Password Requests to Wall Directory Watch.
[[0;32m  OK  [0m] Stopped Dispatch Password Requests to Console Directory Watch.
[[0;32m  OK  [0m] Stopped target User and Group Name Lookups.
[[0;32m  OK  [0m] Removed slice User and Session Slice.
[[0;32m  OK  [0m] Unmounted /tmp/vagrant-puppet/manif…-1987fd5f72c17d54c08031a1c4913b39.
[[0;32m  OK  [0m] Unmounted /vagrant.
[[0;32m  OK  [0m] Stopped Load/Save Random Seed.
[[0;32m  OK  [0m] Stopped target Remote File Systems (Pre).
[[0;32m  OK  [0m] Stopped target Network is Online.
[[0;32m  OK  [0m] Stopped Initial cloud-init job (metadata service crawler).
[[0;32m  OK  [0m] Stopped target Network.
         Stopping Network Name Resolution...
[[0;32m  OK  [0m] Stopped Update UTMP about System Boot/Shutdown.
[[0;32m  OK  [0m] Stopped Network Name Resolution.
[[0;32m  OK  [0m] Stopped Create Volatile Files and Directories.
[[0;32m  OK  [0m] Stopped target Local File Systems.
         Unmounting /run/user/1000...
         Stopping Network Service...
[[0;32m  OK  [0m] Unmounted /run/user/1000.
[[0;32m  OK  [0m] Reached target Unmount All Filesystems.
[[0;32m  OK  [0m] Stopped target Swap.
[[0;32m  OK  [0m] Stopped target Local File Systems (Pre).
         Stopping Monitoring of LVM2 mirrors…ng dmeventd or progress polling...
[[0;32m  OK  [0m] Stopped Create Static Device Nodes in /dev.
[[0;32m  OK  [0m] Stopped Monitoring of LVM2 mirrors,…sing dmeventd or progress polling.
         Stopping LVM2 metadata daemon...
[[0;32m  OK  [0m] Stopped LVM2 metadata daemon.
[[0;32m  OK  [0m] Stopped Network Service.
[[0;32m  OK  [0m] Stopped target Network (Pre).
[[0;32m  OK  [0m] Stopped Initial cloud-init job (pre-networking).
[[0;32m  OK  [0m] Stopped Remount Root and Kernel File Systems.
[[0;32m  OK  [0m] Stopped Apply Kernel Variables.
[[0;32m  OK  [0m] Stopped Load Kernel Modules.
[[0;32m  OK  [0m] Reached target Shutdown.
[[0;32m  OK  [0m] Reached target Final Step.
         Starting Power-Off...
[ 1149.557615] reboot: Power down
opped System Logging Service.
[[0;32m  OK  [0m] Stopped Regular background program processing daemon.
[[0;32m  OK  [0m] Stopped Deferred execution scheduler.
[[0;32m  OK  [0m] Stopped Accounts Service.
[[0;32m  OK  [0m] Stopped Dispatcher daemon for systemd-networkd.
[[0;32m  OK  [0m] Stopped irqbalance daemon.
[[0;32m  OK  [0m] Stopped Authorization Manager.
[[0;32m  OK  [0m] Stopped Serial Getty on ttyS0.
[[0;32m  OK  [0m] Stopped Getty on tty1.
[[0;32m  OK  [0m] Stopped OpenBSD Secure Shell server.
[[0;32m  OK  [0m] Stopped User Manager for UID 1000.
[[0;32m  OK  [0m] Stopped Availability of block devices.
[[0;32m  OK  [0m] Stopped D-Bus System Message Bus.
[[0;32m  OK  [0m] Stopped FUSE filesystem for LXC.
[[0;32m  OK  [0m] Stopped Session 7 of user vagrant.
[[0;32m  OK  [0m] Stopped LXD - container startup/shutdown.
[[0;32m  OK  [0m] Stopped LSB: automatic crash report generation.
[[0;32m  OK  [0m] Removed slice User Slice of vagrant.
         Stopping Login Service...
[[0;32m  OK  [0m] Removed slice system-getty.slice.
[[0;32m  OK  [0m] Removed slice system-serial\x2dgetty.slice.
         Stopping Permit User Sessions...
[[0;32m  OK  [0m] Stopped LSB: Record successful boot for GRUB.
[[0;32m  OK  [0m] Stopped Virtualbox guest utils.
[[0;32m  OK  [0m] Stopped Permit User Sessions.
[[0;32m  OK  [0m] Stopped target Network.
         Stopping Network Name Resolution...
[[0;32m  OK  [0m] Stopped target Remote File Systems.
[[0;32m  OK  [0m] Stopped target Remote File Systems (Pre).
[[0;32m  OK  [0m] Stopped Network Name Resolution.
         Stopping Network Service...
[[0;32m  OK  [0m] Stopped Login Service.
[[0;32m  OK  [0m] Stopped target Basic System.
[[0;32m  OK  [0m] Stopped target Paths.
[[0;32m  OK  [0m] Stopped ACPI Events Check.
[[0;32m  OK  [0m] Stopped target Sockets.
[[0;32m  OK  [0m] Closed D-Bus System Message Bus Socket.
[[0;32m  OK  [0m] Closed ACPID Listen Socket.
[[0;32m  OK  [0m] Closed UUID daemon activation socket.
[[0;32m  OK  [0m] Closed Syslog Socket.
[[0;32m  OK  [0m] Closed Open-iSCSI iscsid Socket.
[[0;32m  OK  [0m] Closed Socket activation for snappy daemon.
[[0;32m  OK  [0m] Closed LXD - unix socket.
[[0;32m  OK  [0m] Stopped target Slices.
[[0;32m  OK  [0m] Removed slice User and Session Slice.
[[0;32m  OK  [0m] Stopped target User and Group Name Lookups.
[[0;32m  OK  [0m] Stopped target System Initialization.
[[0;32m  OK  [0m] Stopped Commit a transient machine-id on disk.
         Stopping Load/Save Random Seed...
[[0;32m  OK  [0m] Stopped target Local Encrypted Volumes.
[[0;32m  OK  [0m] Stopped Forward Password Requests to Wall Directory Watch.
[[0;32m  OK  [0m] Stopped Dispatch Password Requests to Console Directory Watch.
         Stopping Update UTMP about System Boot/Shutdown...
[[0;32m  OK  [0m] Stopped Initial cloud-init job (metadata service crawler).
[[0;32m  OK  [0m] Stopped Network Service.
[[0;32m  OK  [0m] Stopped Load/Save Random Seed.
[[0;32m  OK  [0m] Stopped Apply Kernel Variables.
[[0;32m  OK  [0m] Stopped Load Kernel Modules.
[[0;32m  OK  [0m] Stopped target Network (Pre).
[[0;32m  OK  [0m] Stopped Initial cloud-init job (pre-networking).
[[0;32m  OK  [0m] Stopped Update UTMP about System Boot/Shutdown.
[[0;32m  OK  [0m] Stopped Create Volatile Files and Directories.
[[0;32m  OK  [0m] Stopped target Local File Systems.
         Unmounting /run/user/1000...
[[0;32m  OK  [0m] Unmounted /run/user/1000.
[[0;32m  OK  [0m] Reached target Unmount All Filesystems.
[[0;32m  OK  [0m] Stopped target Swap.
[[0;32m  OK  [0m] Stopped target Local File Systems (Pre).
[[0;32m  OK  [0m] Stopped Remount Root and Kernel File Systems.
[[0;32m  OK  [0m] Stopped Create Static Device Nodes in /dev.
[[0;32m  OK  [0m] Reached target Shutdown.
[[0;32m  OK  [0m] Reached target Final Step.
         Starting Power-Off...
         Stopping Monitoring of LVM2 mirrors…ng dmeventd or progress polling...
[[0;32m  OK  [0m] Stopped Monitoring of LVM2 mirrors,…sing dmeventd or progress polling.
         Stopping LVM2 metadata daemon...
[[0;32m  OK  [0m] Stopped LVM2 metadata daemon.
[ 2324.948805] reboot: Power down
